#
# There is insufficient memory for the Java Runtime Environment to continue.
# Native memory allocation (malloc) failed to allocate 868176 bytes for Chunk::new
# Possible reasons:
#   The system is out of physical RAM or swap space
#   The process is running with CompressedOops enabled, and the Java Heap may be blocking the growth of the native heap
# Possible solutions:
#   Reduce memory load on the system
#   Increase physical memory or swap space
#   Check if swap backing store is full
#   Decrease Java heap size (-Xmx/-Xms)
#   Decrease number of Java threads
#   Decrease Java thread stack sizes (-Xss)
#   Set larger code cache with -XX:ReservedCodeCacheSize=
#   JVM is running with Zero Based Compressed Oops mode in which the Java heap is
#     placed in the first 32GB address space. The Java Heap base address is the
#     maximum limit for the native heap growth. Please use -XX:HeapBaseMinAddress
#     to set the Java Heap base and to place the Java Heap above 32GB virtual address.
# This output file may be truncated or incomplete.
#
#  Out of Memory Error (arena.cpp:189), pid=16524, tid=3948
#
# JRE version: Java(TM) SE Runtime Environment (17.0.11+7) (build 17.0.11+7-LTS-207)
# Java VM: Java HotSpot(TM) 64-Bit Server VM (17.0.11+7-LTS-207, mixed mode, sharing, tiered, compressed oops, compressed class ptrs, g1 gc, windows-amd64)
# No core dump will be written. Minidumps are not enabled by default on client versions of Windows
#

---------------  S U M M A R Y ------------

Command Line: -Dmaven.multiModuleProjectDirectory=C:\Users\Arthur\Desktop\wineAPIService\WineService\WineService -Djansi.passthrough=true -Dmaven.home=C:\Program Files\JetBrains\IntelliJIdea2024.2\plugins\maven\lib\maven3 -Dclassworlds.conf=C:\Program Files\JetBrains\IntelliJIdea2024.2\plugins\maven\lib\maven3\bin\m2.conf -Dmaven.ext.class.path=C:\Program Files\JetBrains\IntelliJIdea2024.2\plugins\maven\lib\maven-event-listener.jar -javaagent:C:\Program Files\JetBrains\IntelliJIdea2024.2\lib\idea_rt.jar=53958:C:\Program Files\JetBrains\IntelliJIdea2024.2\bin -Dfile.encoding=UTF-8 org.codehaus.classworlds.Launcher -Didea.version=2024.2 clean install

Host: Intel(R) Core(TM) i5-2430M CPU @ 2.40GHz, 4 cores, 15G,  Windows 10 , 64 bit Build 19041 (10.0.19041.4717)
Time: Mon Aug 26 19:53:59 2024 Hora oficial do Brasil elapsed time: 30.050244 seconds (0d 0h 0m 30s)

---------------  T H R E A D  ---------------

Current thread (0x000002963e1d4c60):  JavaThread "C2 CompilerThread0" daemon [_thread_in_native, id=3948, stack(0x000000dc24b00000,0x000000dc24c00000)]


Current CompileTask:
C2:  30050 4774       4       org.apache.maven.repository.internal.ArtifactDescriptorReaderDelegate::convert (205 bytes)

Stack: [0x000000dc24b00000,0x000000dc24c00000]
Native frames: (J=compiled Java code, j=interpreted, Vv=VM code, C=native code)
V  [jvm.dll+0x679cca]
V  [jvm.dll+0x7da13d]
V  [jvm.dll+0x7dba83]
V  [jvm.dll+0x7dc0f3]
V  [jvm.dll+0x2449af]
V  [jvm.dll+0xab83b]
V  [jvm.dll+0xabe1c]
V  [jvm.dll+0x36155f]
V  [jvm.dll+0x32bd61]
V  [jvm.dll+0x32b1fa]
V  [jvm.dll+0x2161df]
V  [jvm.dll+0x21560f]
V  [jvm.dll+0x1a2040]
V  [jvm.dll+0x225a2b]
V  [jvm.dll+0x223bcb]
V  [jvm.dll+0x7903ec]
V  [jvm.dll+0x78a85a]
V  [jvm.dll+0x678bb5]
C  [ucrtbase.dll+0x21bb2]
C  [KERNEL32.DLL+0x17374]
C  [ntdll.dll+0x4cc91]


---------------  P R O C E S S  ---------------

Threads class SMR info:
_java_thread_list=0x00000296845c3da0, length=14, elements={
0x000002961bcb9930, 0x000002963e1a8420, 0x000002963e1ab2b0, 0x000002963e1b9300,
0x000002963e1bd500, 0x000002963e1bdec0, 0x000002963e1c6ea0, 0x000002963e1d4c60,
0x000002963e1c9af0, 0x000002963e1caef0, 0x000002963e3e0450, 0x000002963e4c4bd0,
0x000002963e4c50b0, 0x000002963edcc860
}

Java Threads: ( => current thread )
  0x000002961bcb9930 JavaThread "main" [_thread_in_vm, id=3332, stack(0x000000dc23e00000,0x000000dc23f00000)]
  0x000002963e1a8420 JavaThread "Reference Handler" daemon [_thread_blocked, id=2000, stack(0x000000dc24500000,0x000000dc24600000)]
  0x000002963e1ab2b0 JavaThread "Finalizer" daemon [_thread_blocked, id=15128, stack(0x000000dc24600000,0x000000dc24700000)]
  0x000002963e1b9300 JavaThread "Signal Dispatcher" daemon [_thread_blocked, id=18696, stack(0x000000dc24700000,0x000000dc24800000)]
  0x000002963e1bd500 JavaThread "Attach Listener" daemon [_thread_blocked, id=18620, stack(0x000000dc24800000,0x000000dc24900000)]
  0x000002963e1bdec0 JavaThread "Service Thread" daemon [_thread_blocked, id=11620, stack(0x000000dc24900000,0x000000dc24a00000)]
  0x000002963e1c6ea0 JavaThread "Monitor Deflation Thread" daemon [_thread_blocked, id=6816, stack(0x000000dc24a00000,0x000000dc24b00000)]
=>0x000002963e1d4c60 JavaThread "C2 CompilerThread0" daemon [_thread_in_native, id=3948, stack(0x000000dc24b00000,0x000000dc24c00000)]
  0x000002963e1c9af0 JavaThread "C1 CompilerThread0" daemon [_thread_blocked, id=14324, stack(0x000000dc24c00000,0x000000dc24d00000)]
  0x000002963e1caef0 JavaThread "Sweeper thread" daemon [_thread_blocked, id=13220, stack(0x000000dc24d00000,0x000000dc24e00000)]
  0x000002963e3e0450 JavaThread "Common-Cleaner" daemon [_thread_blocked, id=14544, stack(0x000000dc24e00000,0x000000dc24f00000)]
  0x000002963e4c4bd0 JavaThread "Monitor Ctrl-Break" daemon [_thread_in_native, id=4580, stack(0x000000dc24f00000,0x000000dc25000000)]
  0x000002963e4c50b0 JavaThread "Notification Thread" daemon [_thread_blocked, id=16656, stack(0x000000dc25000000,0x000000dc25100000)]
  0x000002963edcc860 JavaThread "Thread-1" daemon [_thread_blocked, id=18044, stack(0x000000dc25200000,0x000000dc25300000)]

Other Threads:
  0x000002963e1a2b50 VMThread "VM Thread" [stack: 0x000000dc24400000,0x000000dc24500000] [id=9036]
  0x000002963e4c7640 WatcherThread [stack: 0x000000dc25100000,0x000000dc25200000] [id=1204]
  0x000002961bd24360 GCTaskThread "GC Thread#0" [stack: 0x000000dc23f00000,0x000000dc24000000] [id=8852]
  0x000002963ece9170 GCTaskThread "GC Thread#1" [stack: 0x000000dc25300000,0x000000dc25400000] [id=6624]
  0x000002963ece9430 GCTaskThread "GC Thread#2" [stack: 0x000000dc25400000,0x000000dc25500000] [id=1320]
  0x000002963ecf2120 GCTaskThread "GC Thread#3" [stack: 0x000000dc25500000,0x000000dc25600000] [id=9836]
  0x000002961bd358a0 ConcurrentGCThread "G1 Main Marker" [stack: 0x000000dc24000000,0x000000dc24100000] [id=10092]
  0x000002961bd362b0 ConcurrentGCThread "G1 Conc#0" [stack: 0x000000dc24100000,0x000000dc24200000] [id=16376]
  0x000002963e0730e0 ConcurrentGCThread "G1 Refine#0" [stack: 0x000000dc24200000,0x000000dc24300000] [id=13028]
  0x000002963ecb9060 ConcurrentGCThread "G1 Refine#1" [stack: 0x000000dc25600000,0x000000dc25700000] [id=18064]
  0x000002963e073b10 ConcurrentGCThread "G1 Service" [stack: 0x000000dc24300000,0x000000dc24400000] [id=18080]

Threads with active compile tasks:
C2 CompilerThread0    30171 4774       4       org.apache.maven.repository.internal.ArtifactDescriptorReaderDelegate::convert (205 bytes)

VM state: not at safepoint (normal execution)

VM Mutex/Monitor currently owned by a thread:  ([mutex/lock_event])
[0x000002961bcb4770] Metaspace_lock - owner thread: 0x000002961bcb9930

Heap address: 0x0000000701a00000, size: 4070 MB, Compressed Oops mode: Zero based, Oop shift amount: 3

CDS archive(s) mapped at: [0x000002963f000000-0x000002963fbd0000-0x000002963fbd0000), size 12386304, SharedBaseAddress: 0x000002963f000000, ArchiveRelocationMode: 1.
Compressed class space mapped at: 0x0000029640000000-0x0000029680000000, reserved size: 1073741824
Narrow klass base: 0x000002963f000000, Narrow klass shift: 0, Narrow klass range: 0x100000000

GC Precious Log:
 CPUs: 4 total, 4 available
 Memory: 16278M
 Large Page Support: Disabled
 NUMA Support: Disabled
 Compressed Oops: Enabled (Zero based)
 Heap Region Size: 2M
 Heap Min Capacity: 8M
 Heap Initial Capacity: 256M
 Heap Max Capacity: 4070M
 Pre-touch: Disabled
 Parallel Workers: 4
 Concurrent Workers: 1
 Concurrent Refinement Workers: 4
 Periodic GC: Disabled

Heap:
 garbage-first heap   total 262144K, used 155083K [0x0000000701a00000, 0x0000000800000000)
  region size 2048K, 75 young (153600K), 1 survivors (2048K)
 Metaspace       used 18113K, committed 18304K, reserved 1114112K
  class space    used 2061K, committed 2176K, reserved 1048576K

Heap Regions: E=young(eden), S=young(survivor), O=old, HS=humongous(starts), HC=humongous(continues), CS=collection set, F=free, OA=open archive, CA=closed archive, TAMS=top-at-mark-start (previous, next)
|   0|0x0000000701a00000, 0x0000000701c00000, 0x0000000701c00000|100%| O|  |TAMS 0x0000000701a00000, 0x0000000701a00000| Untracked 
|   1|0x0000000701c00000, 0x0000000701dab400, 0x0000000701e00000| 83%| O|  |TAMS 0x0000000701c00000, 0x0000000701c00000| Untracked 
|   2|0x0000000701e00000, 0x0000000701e00000, 0x0000000702000000|  0%| F|  |TAMS 0x0000000701e00000, 0x0000000701e00000| Untracked 
|   3|0x0000000702000000, 0x0000000702000000, 0x0000000702200000|  0%| F|  |TAMS 0x0000000702000000, 0x0000000702000000| Untracked 
|   4|0x0000000702200000, 0x0000000702200000, 0x0000000702400000|  0%| F|  |TAMS 0x0000000702200000, 0x0000000702200000| Untracked 
|   5|0x0000000702400000, 0x0000000702400000, 0x0000000702600000|  0%| F|  |TAMS 0x0000000702400000, 0x0000000702400000| Untracked 
|   6|0x0000000702600000, 0x0000000702600000, 0x0000000702800000|  0%| F|  |TAMS 0x0000000702600000, 0x0000000702600000| Untracked 
|   7|0x0000000702800000, 0x0000000702800000, 0x0000000702a00000|  0%| F|  |TAMS 0x0000000702800000, 0x0000000702800000| Untracked 
|   8|0x0000000702a00000, 0x0000000702a00000, 0x0000000702c00000|  0%| F|  |TAMS 0x0000000702a00000, 0x0000000702a00000| Untracked 
|   9|0x0000000702c00000, 0x0000000702c00000, 0x0000000702e00000|  0%| F|  |TAMS 0x0000000702c00000, 0x0000000702c00000| Untracked 
|  10|0x0000000702e00000, 0x0000000702e00000, 0x0000000703000000|  0%| F|  |TAMS 0x0000000702e00000, 0x0000000702e00000| Untracked 
|  11|0x0000000703000000, 0x0000000703000000, 0x0000000703200000|  0%| F|  |TAMS 0x0000000703000000, 0x0000000703000000| Untracked 
|  12|0x0000000703200000, 0x0000000703200000, 0x0000000703400000|  0%| F|  |TAMS 0x0000000703200000, 0x0000000703200000| Untracked 
|  13|0x0000000703400000, 0x0000000703400000, 0x0000000703600000|  0%| F|  |TAMS 0x0000000703400000, 0x0000000703400000| Untracked 
|  14|0x0000000703600000, 0x0000000703600000, 0x0000000703800000|  0%| F|  |TAMS 0x0000000703600000, 0x0000000703600000| Untracked 
|  15|0x0000000703800000, 0x0000000703800000, 0x0000000703a00000|  0%| F|  |TAMS 0x0000000703800000, 0x0000000703800000| Untracked 
|  16|0x0000000703a00000, 0x0000000703a00000, 0x0000000703c00000|  0%| F|  |TAMS 0x0000000703a00000, 0x0000000703a00000| Untracked 
|  17|0x0000000703c00000, 0x0000000703c00000, 0x0000000703e00000|  0%| F|  |TAMS 0x0000000703c00000, 0x0000000703c00000| Untracked 
|  18|0x0000000703e00000, 0x0000000703e00000, 0x0000000704000000|  0%| F|  |TAMS 0x0000000703e00000, 0x0000000703e00000| Untracked 
|  19|0x0000000704000000, 0x0000000704000000, 0x0000000704200000|  0%| F|  |TAMS 0x0000000704000000, 0x0000000704000000| Untracked 
|  20|0x0000000704200000, 0x0000000704200000, 0x0000000704400000|  0%| F|  |TAMS 0x0000000704200000, 0x0000000704200000| Untracked 
|  21|0x0000000704400000, 0x0000000704400000, 0x0000000704600000|  0%| F|  |TAMS 0x0000000704400000, 0x0000000704400000| Untracked 
|  22|0x0000000704600000, 0x0000000704600000, 0x0000000704800000|  0%| F|  |TAMS 0x0000000704600000, 0x0000000704600000| Untracked 
|  23|0x0000000704800000, 0x0000000704800000, 0x0000000704a00000|  0%| F|  |TAMS 0x0000000704800000, 0x0000000704800000| Untracked 
|  24|0x0000000704a00000, 0x0000000704a00000, 0x0000000704c00000|  0%| F|  |TAMS 0x0000000704a00000, 0x0000000704a00000| Untracked 
|  25|0x0000000704c00000, 0x0000000704c00000, 0x0000000704e00000|  0%| F|  |TAMS 0x0000000704c00000, 0x0000000704c00000| Untracked 
|  26|0x0000000704e00000, 0x0000000704e00000, 0x0000000705000000|  0%| F|  |TAMS 0x0000000704e00000, 0x0000000704e00000| Untracked 
|  27|0x0000000705000000, 0x0000000705000000, 0x0000000705200000|  0%| F|  |TAMS 0x0000000705000000, 0x0000000705000000| Untracked 
|  28|0x0000000705200000, 0x0000000705200000, 0x0000000705400000|  0%| F|  |TAMS 0x0000000705200000, 0x0000000705200000| Untracked 
|  29|0x0000000705400000, 0x0000000705400000, 0x0000000705600000|  0%| F|  |TAMS 0x0000000705400000, 0x0000000705400000| Untracked 
|  30|0x0000000705600000, 0x0000000705600000, 0x0000000705800000|  0%| F|  |TAMS 0x0000000705600000, 0x0000000705600000| Untracked 
|  31|0x0000000705800000, 0x0000000705800000, 0x0000000705a00000|  0%| F|  |TAMS 0x0000000705800000, 0x0000000705800000| Untracked 
|  32|0x0000000705a00000, 0x0000000705a00000, 0x0000000705c00000|  0%| F|  |TAMS 0x0000000705a00000, 0x0000000705a00000| Untracked 
|  33|0x0000000705c00000, 0x0000000705c00000, 0x0000000705e00000|  0%| F|  |TAMS 0x0000000705c00000, 0x0000000705c00000| Untracked 
|  34|0x0000000705e00000, 0x0000000705e00000, 0x0000000706000000|  0%| F|  |TAMS 0x0000000705e00000, 0x0000000705e00000| Untracked 
|  35|0x0000000706000000, 0x0000000706000000, 0x0000000706200000|  0%| F|  |TAMS 0x0000000706000000, 0x0000000706000000| Untracked 
|  36|0x0000000706200000, 0x0000000706200000, 0x0000000706400000|  0%| F|  |TAMS 0x0000000706200000, 0x0000000706200000| Untracked 
|  37|0x0000000706400000, 0x0000000706400000, 0x0000000706600000|  0%| F|  |TAMS 0x0000000706400000, 0x0000000706400000| Untracked 
|  38|0x0000000706600000, 0x0000000706600000, 0x0000000706800000|  0%| F|  |TAMS 0x0000000706600000, 0x0000000706600000| Untracked 
|  39|0x0000000706800000, 0x0000000706800000, 0x0000000706a00000|  0%| F|  |TAMS 0x0000000706800000, 0x0000000706800000| Untracked 
|  40|0x0000000706a00000, 0x0000000706a00000, 0x0000000706c00000|  0%| F|  |TAMS 0x0000000706a00000, 0x0000000706a00000| Untracked 
|  41|0x0000000706c00000, 0x0000000706c00000, 0x0000000706e00000|  0%| F|  |TAMS 0x0000000706c00000, 0x0000000706c00000| Untracked 
|  42|0x0000000706e00000, 0x0000000706e00000, 0x0000000707000000|  0%| F|  |TAMS 0x0000000706e00000, 0x0000000706e00000| Untracked 
|  43|0x0000000707000000, 0x0000000707000000, 0x0000000707200000|  0%| F|  |TAMS 0x0000000707000000, 0x0000000707000000| Untracked 
|  44|0x0000000707200000, 0x0000000707200000, 0x0000000707400000|  0%| F|  |TAMS 0x0000000707200000, 0x0000000707200000| Untracked 
|  45|0x0000000707400000, 0x0000000707400000, 0x0000000707600000|  0%| F|  |TAMS 0x0000000707400000, 0x0000000707400000| Untracked 
|  46|0x0000000707600000, 0x0000000707600000, 0x0000000707800000|  0%| F|  |TAMS 0x0000000707600000, 0x0000000707600000| Untracked 
|  47|0x0000000707800000, 0x0000000707800000, 0x0000000707a00000|  0%| F|  |TAMS 0x0000000707800000, 0x0000000707800000| Untracked 
|  48|0x0000000707a00000, 0x0000000707a00000, 0x0000000707c00000|  0%| F|  |TAMS 0x0000000707a00000, 0x0000000707a00000| Untracked 
|  49|0x0000000707c00000, 0x0000000707c00000, 0x0000000707e00000|  0%| F|  |TAMS 0x0000000707c00000, 0x0000000707c00000| Untracked 
|  50|0x0000000707e00000, 0x0000000707e00000, 0x0000000708000000|  0%| F|  |TAMS 0x0000000707e00000, 0x0000000707e00000| Untracked 
|  51|0x0000000708000000, 0x0000000708000000, 0x0000000708200000|  0%| F|  |TAMS 0x0000000708000000, 0x0000000708000000| Untracked 
|  52|0x0000000708200000, 0x0000000708200000, 0x0000000708400000|  0%| F|  |TAMS 0x0000000708200000, 0x0000000708200000| Untracked 
|  53|0x0000000708400000, 0x0000000708504010, 0x0000000708600000| 50%| E|  |TAMS 0x0000000708400000, 0x0000000708400000| Complete 
|  54|0x0000000708600000, 0x0000000708800000, 0x0000000708800000|100%| E|CS|TAMS 0x0000000708600000, 0x0000000708600000| Complete 
|  55|0x0000000708800000, 0x0000000708a00000, 0x0000000708a00000|100%| E|CS|TAMS 0x0000000708800000, 0x0000000708800000| Complete 
|  56|0x0000000708a00000, 0x0000000708c00000, 0x0000000708c00000|100%| E|CS|TAMS 0x0000000708a00000, 0x0000000708a00000| Complete 
|  57|0x0000000708c00000, 0x0000000708e00000, 0x0000000708e00000|100%| E|CS|TAMS 0x0000000708c00000, 0x0000000708c00000| Complete 
|  58|0x0000000708e00000, 0x0000000709000000, 0x0000000709000000|100%| E|CS|TAMS 0x0000000708e00000, 0x0000000708e00000| Complete 
|  59|0x0000000709000000, 0x0000000709200000, 0x0000000709200000|100%| E|CS|TAMS 0x0000000709000000, 0x0000000709000000| Complete 
|  60|0x0000000709200000, 0x0000000709400000, 0x0000000709400000|100%| E|CS|TAMS 0x0000000709200000, 0x0000000709200000| Complete 
|  61|0x0000000709400000, 0x0000000709600000, 0x0000000709600000|100%| E|CS|TAMS 0x0000000709400000, 0x0000000709400000| Complete 
|  62|0x0000000709600000, 0x0000000709800000, 0x0000000709800000|100%| E|CS|TAMS 0x0000000709600000, 0x0000000709600000| Complete 
|  63|0x0000000709800000, 0x0000000709a00000, 0x0000000709a00000|100%| E|CS|TAMS 0x0000000709800000, 0x0000000709800000| Complete 
|  64|0x0000000709a00000, 0x0000000709c00000, 0x0000000709c00000|100%| E|CS|TAMS 0x0000000709a00000, 0x0000000709a00000| Complete 
|  65|0x0000000709c00000, 0x0000000709e00000, 0x0000000709e00000|100%| E|CS|TAMS 0x0000000709c00000, 0x0000000709c00000| Complete 
|  66|0x0000000709e00000, 0x000000070a000000, 0x000000070a000000|100%| E|CS|TAMS 0x0000000709e00000, 0x0000000709e00000| Complete 
|  67|0x000000070a000000, 0x000000070a200000, 0x000000070a200000|100%| E|CS|TAMS 0x000000070a000000, 0x000000070a000000| Complete 
|  68|0x000000070a200000, 0x000000070a400000, 0x000000070a400000|100%| E|CS|TAMS 0x000000070a200000, 0x000000070a200000| Complete 
|  69|0x000000070a400000, 0x000000070a600000, 0x000000070a600000|100%| E|CS|TAMS 0x000000070a400000, 0x000000070a400000| Complete 
|  70|0x000000070a600000, 0x000000070a800000, 0x000000070a800000|100%| E|CS|TAMS 0x000000070a600000, 0x000000070a600000| Complete 
|  71|0x000000070a800000, 0x000000070aa00000, 0x000000070aa00000|100%| E|CS|TAMS 0x000000070a800000, 0x000000070a800000| Complete 
|  72|0x000000070aa00000, 0x000000070ac00000, 0x000000070ac00000|100%| E|CS|TAMS 0x000000070aa00000, 0x000000070aa00000| Complete 
|  73|0x000000070ac00000, 0x000000070ae00000, 0x000000070ae00000|100%| E|CS|TAMS 0x000000070ac00000, 0x000000070ac00000| Complete 
|  74|0x000000070ae00000, 0x000000070b000000, 0x000000070b000000|100%| E|CS|TAMS 0x000000070ae00000, 0x000000070ae00000| Complete 
|  75|0x000000070b000000, 0x000000070b200000, 0x000000070b200000|100%| E|CS|TAMS 0x000000070b000000, 0x000000070b000000| Complete 
|  76|0x000000070b200000, 0x000000070b400000, 0x000000070b400000|100%| E|CS|TAMS 0x000000070b200000, 0x000000070b200000| Complete 
|  77|0x000000070b400000, 0x000000070b600000, 0x000000070b600000|100%| E|CS|TAMS 0x000000070b400000, 0x000000070b400000| Complete 
|  78|0x000000070b600000, 0x000000070b800000, 0x000000070b800000|100%| E|CS|TAMS 0x000000070b600000, 0x000000070b600000| Complete 
|  79|0x000000070b800000, 0x000000070ba00000, 0x000000070ba00000|100%| E|CS|TAMS 0x000000070b800000, 0x000000070b800000| Complete 
|  80|0x000000070ba00000, 0x000000070bc00000, 0x000000070bc00000|100%| E|CS|TAMS 0x000000070ba00000, 0x000000070ba00000| Complete 
|  81|0x000000070bc00000, 0x000000070be00000, 0x000000070be00000|100%| E|CS|TAMS 0x000000070bc00000, 0x000000070bc00000| Complete 
|  82|0x000000070be00000, 0x000000070c000000, 0x000000070c000000|100%| E|CS|TAMS 0x000000070be00000, 0x000000070be00000| Complete 
|  83|0x000000070c000000, 0x000000070c200000, 0x000000070c200000|100%| E|CS|TAMS 0x000000070c000000, 0x000000070c000000| Complete 
|  84|0x000000070c200000, 0x000000070c400000, 0x000000070c400000|100%| E|CS|TAMS 0x000000070c200000, 0x000000070c200000| Complete 
|  85|0x000000070c400000, 0x000000070c600000, 0x000000070c600000|100%| E|CS|TAMS 0x000000070c400000, 0x000000070c400000| Complete 
|  86|0x000000070c600000, 0x000000070c800000, 0x000000070c800000|100%| E|CS|TAMS 0x000000070c600000, 0x000000070c600000| Complete 
|  87|0x000000070c800000, 0x000000070ca00000, 0x000000070ca00000|100%| E|CS|TAMS 0x000000070c800000, 0x000000070c800000| Complete 
|  88|0x000000070ca00000, 0x000000070cc00000, 0x000000070cc00000|100%| E|CS|TAMS 0x000000070ca00000, 0x000000070ca00000| Complete 
|  89|0x000000070cc00000, 0x000000070ce00000, 0x000000070ce00000|100%| E|CS|TAMS 0x000000070cc00000, 0x000000070cc00000| Complete 
|  90|0x000000070ce00000, 0x000000070d000000, 0x000000070d000000|100%| E|CS|TAMS 0x000000070ce00000, 0x000000070ce00000| Complete 
|  91|0x000000070d000000, 0x000000070d200000, 0x000000070d200000|100%| E|CS|TAMS 0x000000070d000000, 0x000000070d000000| Complete 
|  92|0x000000070d200000, 0x000000070d400000, 0x000000070d400000|100%| E|CS|TAMS 0x000000070d200000, 0x000000070d200000| Complete 
|  93|0x000000070d400000, 0x000000070d600000, 0x000000070d600000|100%| E|CS|TAMS 0x000000070d400000, 0x000000070d400000| Complete 
|  94|0x000000070d600000, 0x000000070d800000, 0x000000070d800000|100%| E|CS|TAMS 0x000000070d600000, 0x000000070d600000| Complete 
|  95|0x000000070d800000, 0x000000070da00000, 0x000000070da00000|100%| E|CS|TAMS 0x000000070d800000, 0x000000070d800000| Complete 
|  96|0x000000070da00000, 0x000000070dc00000, 0x000000070dc00000|100%| E|CS|TAMS 0x000000070da00000, 0x000000070da00000| Complete 
|  97|0x000000070dc00000, 0x000000070de00000, 0x000000070de00000|100%| E|CS|TAMS 0x000000070dc00000, 0x000000070dc00000| Complete 
|  98|0x000000070de00000, 0x000000070e000000, 0x000000070e000000|100%| E|CS|TAMS 0x000000070de00000, 0x000000070de00000| Complete 
|  99|0x000000070e000000, 0x000000070e200000, 0x000000070e200000|100%| E|CS|TAMS 0x000000070e000000, 0x000000070e000000| Complete 
| 100|0x000000070e200000, 0x000000070e400000, 0x000000070e400000|100%| E|CS|TAMS 0x000000070e200000, 0x000000070e200000| Complete 
| 101|0x000000070e400000, 0x000000070e600000, 0x000000070e600000|100%| E|CS|TAMS 0x000000070e400000, 0x000000070e400000| Complete 
| 102|0x000000070e600000, 0x000000070e800000, 0x000000070e800000|100%| E|CS|TAMS 0x000000070e600000, 0x000000070e600000| Complete 
| 103|0x000000070e800000, 0x000000070ea00000, 0x000000070ea00000|100%| E|CS|TAMS 0x000000070e800000, 0x000000070e800000| Complete 
| 104|0x000000070ea00000, 0x000000070ec00000, 0x000000070ec00000|100%| E|CS|TAMS 0x000000070ea00000, 0x000000070ea00000| Complete 
| 105|0x000000070ec00000, 0x000000070ee00000, 0x000000070ee00000|100%| E|CS|TAMS 0x000000070ec00000, 0x000000070ec00000| Complete 
| 106|0x000000070ee00000, 0x000000070f000000, 0x000000070f000000|100%| E|CS|TAMS 0x000000070ee00000, 0x000000070ee00000| Complete 
| 107|0x000000070f000000, 0x000000070f200000, 0x000000070f200000|100%| E|CS|TAMS 0x000000070f000000, 0x000000070f000000| Complete 
| 108|0x000000070f200000, 0x000000070f400000, 0x000000070f400000|100%| E|CS|TAMS 0x000000070f200000, 0x000000070f200000| Complete 
| 109|0x000000070f400000, 0x000000070f600000, 0x000000070f600000|100%| E|CS|TAMS 0x000000070f400000, 0x000000070f400000| Complete 
| 110|0x000000070f600000, 0x000000070f800000, 0x000000070f800000|100%| E|CS|TAMS 0x000000070f600000, 0x000000070f600000| Complete 
| 111|0x000000070f800000, 0x000000070f9c7a98, 0x000000070fa00000| 88%| S|CS|TAMS 0x000000070f800000, 0x000000070f800000| Complete 
| 112|0x000000070fa00000, 0x000000070fc00000, 0x000000070fc00000|100%| E|CS|TAMS 0x000000070fa00000, 0x000000070fa00000| Complete 
| 113|0x000000070fc00000, 0x000000070fe00000, 0x000000070fe00000|100%| E|CS|TAMS 0x000000070fc00000, 0x000000070fc00000| Complete 
| 114|0x000000070fe00000, 0x0000000710000000, 0x0000000710000000|100%| E|CS|TAMS 0x000000070fe00000, 0x000000070fe00000| Complete 
| 115|0x0000000710000000, 0x0000000710200000, 0x0000000710200000|100%| E|CS|TAMS 0x0000000710000000, 0x0000000710000000| Complete 
| 116|0x0000000710200000, 0x0000000710400000, 0x0000000710400000|100%| E|CS|TAMS 0x0000000710200000, 0x0000000710200000| Complete 
| 117|0x0000000710400000, 0x0000000710600000, 0x0000000710600000|100%| E|CS|TAMS 0x0000000710400000, 0x0000000710400000| Complete 
| 118|0x0000000710600000, 0x0000000710800000, 0x0000000710800000|100%| E|CS|TAMS 0x0000000710600000, 0x0000000710600000| Complete 
| 119|0x0000000710800000, 0x0000000710a00000, 0x0000000710a00000|100%| E|CS|TAMS 0x0000000710800000, 0x0000000710800000| Complete 
| 120|0x0000000710a00000, 0x0000000710c00000, 0x0000000710c00000|100%| E|CS|TAMS 0x0000000710a00000, 0x0000000710a00000| Complete 
| 121|0x0000000710c00000, 0x0000000710e00000, 0x0000000710e00000|100%| E|CS|TAMS 0x0000000710c00000, 0x0000000710c00000| Complete 
| 122|0x0000000710e00000, 0x0000000711000000, 0x0000000711000000|100%| E|CS|TAMS 0x0000000710e00000, 0x0000000710e00000| Complete 
| 123|0x0000000711000000, 0x0000000711200000, 0x0000000711200000|100%| E|CS|TAMS 0x0000000711000000, 0x0000000711000000| Complete 
| 124|0x0000000711200000, 0x0000000711400000, 0x0000000711400000|100%| E|CS|TAMS 0x0000000711200000, 0x0000000711200000| Complete 
| 125|0x0000000711400000, 0x0000000711600000, 0x0000000711600000|100%| E|CS|TAMS 0x0000000711400000, 0x0000000711400000| Complete 
| 126|0x0000000711600000, 0x0000000711800000, 0x0000000711800000|100%| E|CS|TAMS 0x0000000711600000, 0x0000000711600000| Complete 
| 127|0x0000000711800000, 0x0000000711a00000, 0x0000000711a00000|100%| E|CS|TAMS 0x0000000711800000, 0x0000000711800000| Complete 

Card table byte_map: [0x0000029632d80000,0x0000029633580000] _byte_map_base: 0x000002962f573000

Marking Bits (Prev, Next): (CMBitMap*) 0x000002961bd24980, (CMBitMap*) 0x000002961bd249c0
 Prev Bits: [0x0000029633d80000, 0x0000029637d18000)
 Next Bits: [0x0000029637d20000, 0x000002963bcb8000)

Polling page: 0x0000029619c20000

Metaspace:

Usage:
  Non-class:     15.68 MB used.
      Class:      2.01 MB used.
       Both:     17.69 MB used.

Virtual space:
  Non-class space:       64.00 MB reserved,      15.75 MB ( 25%) committed,  1 nodes.
      Class space:        1.00 GB reserved,       2.12 MB ( <1%) committed,  1 nodes.
             Both:        1.06 GB reserved,      17.88 MB (  2%) committed. 

Chunk freelists:
   Non-Class:  15.43 MB
       Class:  13.80 MB
        Both:  29.23 MB

MaxMetaspaceSize: unlimited
CompressedClassSpaceSize: 1.00 GB
Initial GC threshold: 21.00 MB
Current GC threshold: 21.00 MB
CDS: on
MetaspaceReclaimPolicy: balanced
 - commit_granule_bytes: 65536.
 - commit_granule_words: 8192.
 - virtual_space_node_default_size: 8388608.
 - enlarge_chunks_in_place: 1.
 - new_chunks_are_fully_committed: 0.
 - uncommit_free_chunks: 1.
 - use_allocation_guard: 0.
 - handle_deallocations: 1.


Internal statistics:

num_allocs_failed_limit: 0.
num_arena_births: 128.
num_arena_deaths: 0.
num_vsnodes_births: 2.
num_vsnodes_deaths: 0.
num_space_committed: 286.
num_space_uncommitted: 0.
num_chunks_returned_to_freelist: 0.
num_chunks_taken_from_freelist: 783.
num_chunk_merges: 0.
num_chunk_splits: 515.
num_chunks_enlarged: 388.
num_inconsistent_stats: 0.

CodeHeap 'non-profiled nmethods': size=120000Kb used=2507Kb max_used=2507Kb free=117492Kb
 bounds [0x000002962b050000, 0x000002962b2d0000, 0x0000029632580000]
CodeHeap 'profiled nmethods': size=120000Kb used=10394Kb max_used=10394Kb free=109605Kb
 bounds [0x0000029623580000, 0x0000029623fb0000, 0x000002962aab0000]
CodeHeap 'non-nmethods': size=5760Kb used=1188Kb max_used=1234Kb free=4571Kb
 bounds [0x000002962aab0000, 0x000002962ad20000, 0x000002962b050000]
 total_blobs=5266 nmethods=4780 adapters=397
 compilation: enabled
              stopped_count=0, restarted_count=0
 full_count=0

Compilation events (20 events):
Event: 29.412 Thread 0x000002963e1d4c60 nmethod 4765 0x000002962b2bf590 code [0x000002962b2bf700, 0x000002962b2bfa98]
Event: 29.494 Thread 0x000002963e1c9af0 4766       3       java.util.Formatter$FixedString::<init> (26 bytes)
Event: 29.494 Thread 0x000002963e1c9af0 nmethod 4766 0x0000029623fa2890 code [0x0000029623fa2a40, 0x0000029623fa2c78]
Event: 29.494 Thread 0x000002963e1c9af0 4767       3       java.util.Formatter$FixedString::print (26 bytes)
Event: 29.495 Thread 0x000002963e1c9af0 nmethod 4767 0x0000029623fa2d90 code [0x0000029623fa2f40, 0x0000029623fa3148]
Event: 29.495 Thread 0x000002963e1c9af0 4768       3       java.lang.StringBuilder::append (8 bytes)
Event: 29.497 Thread 0x000002963e1c9af0 nmethod 4768 0x0000029623fa3210 code [0x0000029623fa33c0, 0x0000029623fa3568]
Event: 29.631 Thread 0x000002963e1c9af0 4769       3       org.apache.maven.model.building.ModelCacheTag$2::fromCache (9 bytes)
Event: 29.631 Thread 0x000002963e1c9af0 nmethod 4769 0x0000029623fa3690 code [0x0000029623fa3860, 0x0000029623fa3c08]
Event: 29.631 Thread 0x000002963e1c9af0 4770       3       org.apache.maven.model.building.ModelCacheTag$2::fromCache (6 bytes)
Event: 29.632 Thread 0x000002963e1c9af0 nmethod 4770 0x0000029623fa3d90 code [0x0000029623fa3f40, 0x0000029623fa4168]
Event: 29.645 Thread 0x000002963e1d4c60 4771       4       org.apache.maven.model.merge.ModelMerger::mergePlugin_Extensions (43 bytes)
Event: 29.651 Thread 0x000002963e1d4c60 nmethod 4771 0x000002962b2bfb90 code [0x000002962b2bfd20, 0x000002962b2bff38]
Event: 29.651 Thread 0x000002963e1d4c60 4772       4       org.apache.maven.model.merge.ModelMerger::mergePlugin_Dependencies (26 bytes)
Event: 29.698 Thread 0x000002963e1d4c60 nmethod 4772 0x000002962b2c0110 code [0x000002962b2c0320, 0x000002962b2c0f48]
Event: 29.698 Thread 0x000002963e1d4c60 4773       4       org.eclipse.aether.resolution.ArtifactDescriptorResult::addManagedDependency (40 bytes)
Event: 29.730 Thread 0x000002963e1d4c60 nmethod 4773 0x000002962b2c1690 code [0x000002962b2c1860, 0x000002962b2c2288]
Event: 29.743 Thread 0x000002963e1d4c60 4774       4       org.apache.maven.repository.internal.ArtifactDescriptorReaderDelegate::convert (205 bytes)
Event: 29.747 Thread 0x000002963e1c9af0 4775   !   3       java.util.ArrayList$Itr::remove (68 bytes)
Event: 29.751 Thread 0x000002963e1c9af0 nmethod 4775 0x0000029623fa4290 code [0x0000029623fa4480, 0x0000029623fa49f8]

GC Heap History (6 events):
Event: 2.944 GC heap before
{Heap before GC invocations=0 (full 0):
 garbage-first heap   total 262144K, used 12288K [0x0000000701a00000, 0x0000000800000000)
  region size 2048K, 6 young (12288K), 0 survivors (0K)
 Metaspace       used 3415K, committed 3584K, reserved 1114112K
  class space    used 351K, committed 448K, reserved 1048576K
}
Event: 2.957 GC heap after
{Heap after GC invocations=1 (full 0):
 garbage-first heap   total 262144K, used 3669K [0x0000000701a00000, 0x0000000800000000)
  region size 2048K, 1 young (2048K), 1 survivors (2048K)
 Metaspace       used 3415K, committed 3584K, reserved 1114112K
  class space    used 351K, committed 448K, reserved 1048576K
}
Event: 4.039 GC heap before
{Heap before GC invocations=1 (full 0):
 garbage-first heap   total 262144K, used 13909K [0x0000000701a00000, 0x0000000800000000)
  region size 2048K, 6 young (12288K), 1 survivors (2048K)
 Metaspace       used 6016K, committed 6208K, reserved 1114112K
  class space    used 701K, committed 832K, reserved 1048576K
}
Event: 4.051 GC heap after
{Heap after GC invocations=2 (full 0):
 garbage-first heap   total 262144K, used 4385K [0x0000000701a00000, 0x0000000800000000)
  region size 2048K, 1 young (2048K), 1 survivors (2048K)
 Metaspace       used 6016K, committed 6208K, reserved 1114112K
  class space    used 701K, committed 832K, reserved 1048576K
}
Event: 6.540 GC heap before
{Heap before GC invocations=2 (full 0):
 garbage-first heap   total 262144K, used 35105K [0x0000000701a00000, 0x0000000800000000)
  region size 2048K, 16 young (32768K), 1 survivors (2048K)
 Metaspace       used 9564K, committed 9792K, reserved 1114112K
  class space    used 1143K, committed 1280K, reserved 1048576K
}
Event: 6.548 GC heap after
{Heap after GC invocations=3 (full 0):
 garbage-first heap   total 262144K, used 5579K [0x0000000701a00000, 0x0000000800000000)
  region size 2048K, 1 young (2048K), 1 survivors (2048K)
 Metaspace       used 9564K, committed 9792K, reserved 1114112K
  class space    used 1143K, committed 1280K, reserved 1048576K
}

Deoptimization events (20 events):
Event: 23.302 Thread 0x000002961bcb9930 Uncommon trap: trap_request=0xffffffc6 fr.pc=0x000002962b13eaa8 relative=0x0000000000000088
Event: 23.302 Thread 0x000002961bcb9930 Uncommon trap: reason=bimorphic_or_optimized_type_check action=maybe_recompile pc=0x000002962b13eaa8 method=com.google.inject.internal.LinkedBindingImpl.acceptTargetVisitor(Lcom/google/inject/spi/BindingTargetVisitor;)Ljava/lang/Object; @ 2 c2
Event: 23.302 Thread 0x000002961bcb9930 DEOPT PACKING pc=0x000002962b13eaa8 sp=0x000000dc23efd130
Event: 23.302 Thread 0x000002961bcb9930 DEOPT UNPACKING pc=0x000002962ab023a3 sp=0x000000dc23efd0b8 mode 2
Event: 23.338 Thread 0x000002961bcb9930 Uncommon trap: trap_request=0xfffffff4 fr.pc=0x000002962b255b7c relative=0x000000000000081c
Event: 23.338 Thread 0x000002961bcb9930 Uncommon trap: reason=null_check action=make_not_entrant pc=0x000002962b255b7c method=com.google.inject.internal.InjectorImpl.enterContext()Lcom/google/inject/internal/InternalContext; @ 7 c2
Event: 23.338 Thread 0x000002961bcb9930 DEOPT PACKING pc=0x000002962b255b7c sp=0x000000dc23efd1d0
Event: 23.338 Thread 0x000002961bcb9930 DEOPT UNPACKING pc=0x000002962ab023a3 sp=0x000000dc23efd1c0 mode 2
Event: 23.854 Thread 0x000002961bcb9930 Uncommon trap: trap_request=0xffffff45 fr.pc=0x000002962b1f14f8 relative=0x00000000000000d8
Event: 23.854 Thread 0x000002961bcb9930 Uncommon trap: reason=unstable_if action=reinterpret pc=0x000002962b1f14f8 method=java.util.HashMap.hash(Ljava/lang/Object;)I @ 1 c2
Event: 23.854 Thread 0x000002961bcb9930 DEOPT PACKING pc=0x000002962b1f14f8 sp=0x000000dc23efb840
Event: 23.854 Thread 0x000002961bcb9930 DEOPT UNPACKING pc=0x000002962ab023a3 sp=0x000000dc23efb780 mode 2
Event: 27.427 Thread 0x000002961bcb9930 Uncommon trap: trap_request=0xffffff6e fr.pc=0x000002962b0d3ca4 relative=0x0000000000000184
Event: 27.427 Thread 0x000002961bcb9930 Uncommon trap: reason=loop_limit_check action=maybe_recompile pc=0x000002962b0d3ca4 method=java.lang.StringLatin1.lastIndexOf([BII)I @ 19 c2
Event: 27.427 Thread 0x000002961bcb9930 DEOPT PACKING pc=0x000002962b0d3ca4 sp=0x000000dc23efd1e0
Event: 27.427 Thread 0x000002961bcb9930 DEOPT UNPACKING pc=0x000002962ab023a3 sp=0x000000dc23efd098 mode 2
Event: 29.117 Thread 0x000002961bcb9930 DEOPT PACKING pc=0x0000029623bef403 sp=0x000000dc23efc080
Event: 29.117 Thread 0x000002961bcb9930 DEOPT UNPACKING pc=0x000002962ab02b43 sp=0x000000dc23efb4f0 mode 0
Event: 29.219 Thread 0x000002961bcb9930 DEOPT PACKING pc=0x0000029623b5aa52 sp=0x000000dc23efc330
Event: 29.219 Thread 0x000002961bcb9930 DEOPT UNPACKING pc=0x000002962ab02b43 sp=0x000000dc23efb840 mode 0

Classes unloaded (0 events):
No events

Classes redefined (0 events):
No events

Internal exceptions (20 events):
Event: 9.433 Thread 0x000002961bcb9930 Exception <a 'java/lang/NoSuchMethodError'{0x0000000710553348}: 'java.lang.Object java.lang.invoke.DirectMethodHandle$Holder.invokeStaticInit(java.lang.Object, int, int, int, int)'> (0x0000000710553348) 
thrown [s\open\src\hotspot\share\interpreter\linkResolver.cpp, line 759]
Event: 9.920 Thread 0x000002961bcb9930 Implicit null exception at 0x000002962b080bf2 to 0x000002962b081194
Event: 9.921 Thread 0x000002961bcb9930 Implicit null exception at 0x000002962b07ddf2 to 0x000002962b07e3ac
Event: 10.067 Thread 0x000002961bcb9930 Exception <a 'java/lang/NoSuchMethodError'{0x000000070fc13920}: 'void java.lang.invoke.DirectMethodHandle$Holder.invokeSpecial(java.lang.Object, java.lang.Object, java.lang.Object, java.lang.Object, java.lang.Object)'> (0x000000070fc13920) 
thrown [s\open\src\hotspot\share\interpreter\linkResolver.cpp, line 759]
Event: 10.077 Thread 0x000002961bcb9930 Exception <a 'java/lang/NoSuchMethodError'{0x000000070fc2ca50}: 'void java.lang.invoke.DirectMethodHandle$Holder.invokeSpecial(java.lang.Object, java.lang.Object, java.lang.Object, java.lang.Object, java.lang.Object, java.lang.Object)'> (0x000000070fc2ca50) 
thrown [s\open\src\hotspot\share\interpreter\linkResolver.cpp, line 759]
Event: 10.207 Thread 0x000002961bcb9930 Exception <a 'java/lang/NoSuchMethodError'{0x000000070fd30970}: 'java.lang.Object java.lang.invoke.DirectMethodHandle$Holder.invokeVirtual(java.lang.Object, java.lang.Object, java.lang.Object)'> (0x000000070fd30970) 
thrown [s\open\src\hotspot\share\interpreter\linkResolver.cpp, line 759]
Event: 19.284 Thread 0x000002961bcb9930 Implicit null exception at 0x000002962b24726d to 0x000002962b247438
Event: 19.284 Thread 0x000002961bcb9930 Implicit null exception at 0x000002962b23746d to 0x000002962b237648
Event: 23.092 Thread 0x000002961bcb9930 Exception <a 'java/lang/NoSuchMethodError'{0x0000000709ab1ff8}: 'java.lang.Object java.lang.invoke.DirectMethodHandle$Holder.newInvokeSpecial(java.lang.Object, java.lang.Object, java.lang.Object, java.lang.Object, java.lang.Object, java.lang.Object, java.lang.Object)'> (0x0000000709ab1ff8) 
thrown [s\open\src\hotspot\share\interpreter\linkResolver.cpp, line 759]
Event: 23.094 Thread 0x000002961bcb9930 Exception <a 'java/lang/NoSuchMethodError'{0x0000000709ab6908}: 'java.lang.Object java.lang.invoke.Invokers$Holder.linkToTargetMethod(java.lang.Object, java.lang.Object, java.lang.Object, java.lang.Object, java.lang.Object, java.lang.Object, java.lang.Object)'> (0x0000000709ab6908) 
thrown [s\open\src\hotspot\share\interpreter\linkResolver.cpp, line 759]
Event: 23.338 Thread 0x000002961bcb9930 Implicit null exception at 0x000002962b25543b to 0x000002962b255b6c
Event: 23.568 Thread 0x000002961bcb9930 Exception <a 'java/lang/NoSuchMethodError'{0x000000070996e648}: 'int java.lang.invoke.DirectMethodHandle$Holder.invokeVirtual(java.lang.Object, java.lang.Object)'> (0x000000070996e648) 
thrown [s\open\src\hotspot\share\interpreter\linkResolver.cpp, line 759]
Event: 23.854 Thread 0x000002961bcb9930 Implicit null exception at 0x000002962b1f1458 to 0x000002962b1f14ee
Event: 24.025 Thread 0x000002961bcb9930 Exception <a 'java/lang/NoSuchMethodError'{0x00000007096cc898}: 'void java.lang.invoke.DirectMethodHandle$Holder.invokeInterface(java.lang.Object, java.lang.Object, java.lang.Object)'> (0x00000007096cc898) 
thrown [s\open\src\hotspot\share\interpreter\linkResolver.cpp, line 759]
Event: 28.046 Thread 0x000002961bcb9930 Exception <a 'java/lang/NoSuchMethodError'{0x0000000708ccd590}: 'int java.lang.invoke.DirectMethodHandle$Holder.invokeStatic(java.lang.Object, java.lang.Object, int)'> (0x0000000708ccd590) 
thrown [s\open\src\hotspot\share\interpreter\linkResolver.cpp, line 759]
Event: 28.801 Thread 0x000002961bcb9930 Exception <a 'sun/nio/fs/WindowsException'{0x0000000708a576d0}> (0x0000000708a576d0) 
thrown [s\open\src\hotspot\share\prims\jni.cpp, line 516]
Event: 28.998 Thread 0x000002961bcb9930 Exception <a 'sun/nio/fs/WindowsException'{0x0000000708a58f20}> (0x0000000708a58f20) 
thrown [s\open\src\hotspot\share\prims\jni.cpp, line 516]
Event: 29.009 Thread 0x000002961bcb9930 Exception <a 'sun/nio/fs/WindowsException'{0x0000000708a5a4c8}> (0x0000000708a5a4c8) 
thrown [s\open\src\hotspot\share\prims\jni.cpp, line 516]
Event: 29.023 Thread 0x000002961bcb9930 Exception <a 'sun/nio/fs/WindowsException'{0x0000000708a5bab0}> (0x0000000708a5bab0) 
thrown [s\open\src\hotspot\share\prims\jni.cpp, line 516]
Event: 29.043 Thread 0x000002961bcb9930 Exception <a 'sun/nio/fs/WindowsException'{0x0000000708a5d0f0}> (0x0000000708a5d0f0) 
thrown [s\open\src\hotspot\share\prims\jni.cpp, line 516]

VM Operations (20 events):
Event: 19.844 Executing VM operation: Cleanup
Event: 19.845 Executing VM operation: Cleanup done
Event: 21.852 Executing VM operation: Cleanup
Event: 21.852 Executing VM operation: Cleanup done
Event: 22.861 Executing VM operation: Cleanup
Event: 22.861 Executing VM operation: Cleanup done
Event: 23.863 Executing VM operation: Cleanup
Event: 23.866 Executing VM operation: Cleanup done
Event: 24.872 Executing VM operation: Cleanup
Event: 24.872 Executing VM operation: Cleanup done
Event: 25.882 Executing VM operation: Cleanup
Event: 25.882 Executing VM operation: Cleanup done
Event: 26.897 Executing VM operation: Cleanup
Event: 26.898 Executing VM operation: Cleanup done
Event: 27.900 Executing VM operation: Cleanup
Event: 27.930 Executing VM operation: Cleanup done
Event: 28.935 Executing VM operation: Cleanup
Event: 28.935 Executing VM operation: Cleanup done
Event: 29.938 Executing VM operation: Cleanup
Event: 29.938 Executing VM operation: Cleanup done

Events (20 events):
Event: 23.279 loading class org/w3c/dom/Element
Event: 23.280 loading class org/w3c/dom/Element done
Event: 23.280 loading class org/w3c/dom/Document
Event: 23.280 loading class org/w3c/dom/Document done
Event: 23.745 loading class java/net/URISyntaxException
Event: 23.745 loading class java/net/URISyntaxException done
Event: 23.843 loading class java/time/format/DateTimeParseException
Event: 23.844 loading class java/time/DateTimeException
Event: 23.846 loading class java/time/DateTimeException done
Event: 23.846 loading class java/time/format/DateTimeParseException done
Event: 23.978 loading class jdk/internal/reflect/UnsafeBooleanFieldAccessorImpl
Event: 23.982 loading class jdk/internal/reflect/UnsafeBooleanFieldAccessorImpl done
Event: 28.243 loading class java/nio/file/NoSuchFileException
Event: 28.244 loading class java/nio/file/NoSuchFileException done
Event: 28.310 loading class java/io/CharArrayWriter
Event: 28.311 loading class java/io/CharArrayWriter done
Event: 28.683 loading class java/nio/file/attribute/PosixFileAttributes
Event: 28.683 loading class java/nio/file/attribute/PosixFileAttributes done
Event: 28.799 loading class sun/nio/fs/WindowsFileCopy
Event: 28.800 loading class sun/nio/fs/WindowsFileCopy done


Dynamic libraries:
0x00007ff680cf0000 - 0x00007ff680d00000 	C:\Program Files\Java\jdk-17\bin\java.exe
0x00007ff93c730000 - 0x00007ff93c928000 	C:\Windows\SYSTEM32\ntdll.dll
0x00007ff93ba50000 - 0x00007ff93bb11000 	C:\Windows\System32\KERNEL32.DLL
0x00007ff93a030000 - 0x00007ff93a32d000 	C:\Windows\System32\KERNELBASE.dll
0x00007ff93a660000 - 0x00007ff93a760000 	C:\Windows\System32\ucrtbase.dll
0x00007ff9324c0000 - 0x00007ff9324d9000 	C:\Program Files\Java\jdk-17\bin\jli.dll
0x00007ff93bc80000 - 0x00007ff93bd30000 	C:\Windows\System32\ADVAPI32.dll
0x00007ff93bbd0000 - 0x00007ff93bc6e000 	C:\Windows\System32\msvcrt.dll
0x00007ff93aed0000 - 0x00007ff93af70000 	C:\Windows\System32\sechost.dll
0x00007ff93c2c0000 - 0x00007ff93c3e3000 	C:\Windows\System32\RPCRT4.dll
0x00007ff93a5c0000 - 0x00007ff93a5e7000 	C:\Windows\System32\bcrypt.dll
0x00007ff93bee0000 - 0x00007ff93c07d000 	C:\Windows\System32\USER32.dll
0x00007ff9324a0000 - 0x00007ff9324bb000 	C:\Program Files\Java\jdk-17\bin\VCRUNTIME140.dll
0x00007ff93a380000 - 0x00007ff93a3a2000 	C:\Windows\System32\win32u.dll
0x00007ff93c080000 - 0x00007ff93c0ab000 	C:\Windows\System32\GDI32.dll
0x00007ff939de0000 - 0x00007ff939ef7000 	C:\Windows\System32\gdi32full.dll
0x00007ff939f90000 - 0x00007ff93a02d000 	C:\Windows\System32\msvcp_win.dll
0x00007ff925970000 - 0x00007ff925c0a000 	C:\Windows\WinSxS\amd64_microsoft.windows.common-controls_6595b64144ccf1df_6.0.19041.4355_none_60b8b9eb71f62e16\COMCTL32.dll
0x00007ff9278a0000 - 0x00007ff9278aa000 	C:\Windows\SYSTEM32\VERSION.dll
0x00007ff93b870000 - 0x00007ff93b89f000 	C:\Windows\System32\IMM32.DLL
0x00007ff9348d0000 - 0x00007ff9348dc000 	C:\Program Files\Java\jdk-17\bin\vcruntime140_1.dll
0x00007ff916020000 - 0x00007ff9160ae000 	C:\Program Files\Java\jdk-17\bin\msvcp140.dll
0x00007ff8fc680000 - 0x00007ff8fd260000 	C:\Program Files\Java\jdk-17\bin\server\jvm.dll
0x00007ff93bd30000 - 0x00007ff93bd38000 	C:\Windows\System32\PSAPI.DLL
0x00007ff934850000 - 0x00007ff934859000 	C:\Windows\SYSTEM32\WSOCK32.dll
0x00007ff93c3f0000 - 0x00007ff93c45b000 	C:\Windows\System32\WS2_32.dll
0x00007ff91a7c0000 - 0x00007ff91a7e7000 	C:\Windows\SYSTEM32\WINMM.dll
0x00007ff938600000 - 0x00007ff938612000 	C:\Windows\SYSTEM32\kernel.appcore.dll
0x00007ff92f180000 - 0x00007ff92f18a000 	C:\Program Files\Java\jdk-17\bin\jimage.dll
0x00007ff9337e0000 - 0x00007ff9339c4000 	C:\Windows\SYSTEM32\DBGHELP.DLL
0x00007ff9330c0000 - 0x00007ff9330f4000 	C:\Windows\SYSTEM32\dbgcore.DLL
0x00007ff939f00000 - 0x00007ff939f82000 	C:\Windows\System32\bcryptPrimitives.dll
0x00007ff92f8f0000 - 0x00007ff92f8fe000 	C:\Program Files\Java\jdk-17\bin\instrument.dll
0x00007ff932470000 - 0x00007ff932495000 	C:\Program Files\Java\jdk-17\bin\java.dll
0x00007ff919670000 - 0x00007ff919747000 	C:\Program Files\Java\jdk-17\bin\jsvml.dll
0x00007ff93a760000 - 0x00007ff93aecf000 	C:\Windows\System32\SHELL32.dll
0x00007ff937d50000 - 0x00007ff9384ef000 	C:\Windows\SYSTEM32\windows.storage.dll
0x00007ff93b3e0000 - 0x00007ff93b733000 	C:\Windows\System32\combase.dll
0x00007ff939650000 - 0x00007ff93967e000 	C:\Windows\SYSTEM32\Wldp.dll
0x00007ff93b8a0000 - 0x00007ff93b96d000 	C:\Windows\System32\OLEAUT32.dll
0x00007ff93bb20000 - 0x00007ff93bbcd000 	C:\Windows\System32\SHCORE.dll
0x00007ff93c0b0000 - 0x00007ff93c105000 	C:\Windows\System32\shlwapi.dll
0x00007ff939d10000 - 0x00007ff939d34000 	C:\Windows\SYSTEM32\profapi.dll
0x00007ff92e5c0000 - 0x00007ff92e5d8000 	C:\Program Files\Java\jdk-17\bin\zip.dll
0x00007ff92f140000 - 0x00007ff92f159000 	C:\Program Files\Java\jdk-17\bin\net.dll
0x00007ff9336a0000 - 0x00007ff9337ad000 	C:\Windows\SYSTEM32\WINHTTP.dll
0x00007ff939430000 - 0x00007ff93949a000 	C:\Windows\system32\mswsock.dll
0x00007ff92e5e0000 - 0x00007ff92e5f6000 	C:\Program Files\Java\jdk-17\bin\nio.dll
0x00007ff92e330000 - 0x00007ff92e34a000 	C:\Program Files\JetBrains\IntelliJIdea2024.2\bin\breakgen64.dll
0x00007ff927ed0000 - 0x00007ff927ef4000 	C:\Users\Arthur\AppData\Local\Temp\jansi-2.4.1-74090ea9fa77c4c-jansi.dll
0x00007ff92e5b0000 - 0x00007ff92e5c0000 	C:\Program Files\Java\jdk-17\bin\verify.dll
0x00007ff938e90000 - 0x00007ff938ec3000 	C:\Windows\SYSTEM32\ntmarta.dll

dbghelp: loaded successfully - version: 4.0.5 - missing functions: none
symbol engine: initialized successfully - sym options: 0x614 - pdb path: .;C:\Program Files\Java\jdk-17\bin;C:\Windows\SYSTEM32;C:\Windows\WinSxS\amd64_microsoft.windows.common-controls_6595b64144ccf1df_6.0.19041.4355_none_60b8b9eb71f62e16;C:\Program Files\Java\jdk-17\bin\server;C:\Program Files\JetBrains\IntelliJIdea2024.2\bin;C:\Users\Arthur\AppData\Local\Temp

VM Arguments:
jvm_args: -Dmaven.multiModuleProjectDirectory=C:\Users\Arthur\Desktop\wineAPIService\WineService\WineService -Djansi.passthrough=true -Dmaven.home=C:\Program Files\JetBrains\IntelliJIdea2024.2\plugins\maven\lib\maven3 -Dclassworlds.conf=C:\Program Files\JetBrains\IntelliJIdea2024.2\plugins\maven\lib\maven3\bin\m2.conf -Dmaven.ext.class.path=C:\Program Files\JetBrains\IntelliJIdea2024.2\plugins\maven\lib\maven-event-listener.jar -javaagent:C:\Program Files\JetBrains\IntelliJIdea2024.2\lib\idea_rt.jar=53958:C:\Program Files\JetBrains\IntelliJIdea2024.2\bin -Dfile.encoding=UTF-8 
java_command: org.codehaus.classworlds.Launcher -Didea.version=2024.2 clean install
java_class_path (initial): C:\Program Files\JetBrains\IntelliJIdea2024.2\plugins\maven\lib\maven3\boot\plexus-classworlds-2.8.0.jar;C:\Program Files\JetBrains\IntelliJIdea2024.2\plugins\maven\lib\maven3\boot\plexus-classworlds.license
Launcher Type: SUN_STANDARD

[Global flags]
     intx CICompilerCount                          = 3                                         {product} {ergonomic}
     uint ConcGCThreads                            = 1                                         {product} {ergonomic}
     uint G1ConcRefinementThreads                  = 4                                         {product} {ergonomic}
   size_t G1HeapRegionSize                         = 2097152                                   {product} {ergonomic}
    uintx GCDrainStackTargetSize                   = 64                                        {product} {ergonomic}
   size_t InitialHeapSize                          = 268435456                                 {product} {ergonomic}
   size_t MarkStackSize                            = 4194304                                   {product} {ergonomic}
   size_t MaxHeapSize                              = 4267704320                                {product} {ergonomic}
   size_t MaxNewSize                               = 2560622592                                {product} {ergonomic}
   size_t MinHeapDeltaBytes                        = 2097152                                   {product} {ergonomic}
   size_t MinHeapSize                              = 8388608                                   {product} {ergonomic}
    uintx NonNMethodCodeHeapSize                   = 5832780                                {pd product} {ergonomic}
    uintx NonProfiledCodeHeapSize                  = 122912730                              {pd product} {ergonomic}
    uintx ProfiledCodeHeapSize                     = 122912730                              {pd product} {ergonomic}
    uintx ReservedCodeCacheSize                    = 251658240                              {pd product} {ergonomic}
     bool SegmentedCodeCache                       = true                                      {product} {ergonomic}
   size_t SoftMaxHeapSize                          = 4267704320                             {manageable} {ergonomic}
     bool UseCompressedClassPointers               = true                           {product lp64_product} {ergonomic}
     bool UseCompressedOops                        = true                           {product lp64_product} {ergonomic}
     bool UseG1GC                                  = true                                      {product} {ergonomic}
     bool UseLargePagesIndividualAllocation        = false                                  {pd product} {ergonomic}

Logging:
Log output configuration:
 #0: stdout all=warning uptime,level,tags
 #1: stderr all=off uptime,level,tags

Environment Variables:
JAVA_HOME=C:\Program Files\Java\zulu17.42.19-ca-jdk17.0.7-win_x64
PATH=C:\Python312\Scripts\;C:\Python312\;C:\Program Files\Common Files\Oracle\Java\javapath;C:\Program Files (x86)\Common Files\Oracle\Java\java8path;C:\Program Files (x86)\Common Files\Oracle\Java\javapath;C:\Program Files\Java\zulu17.42.19-ca-jdk17.0.7-win_x64\bin;C:\Program Files (x86)\Common Files\Intel\Shared Files\cpp\bin\Intel64;C:\Windows\system32;C:\Windows;C:\Windows\System32\Wbem;C:\Windows\System32\WindowsPowerShell\v1.0\;C:\Windows\System32\OpenSSH\;C:\Program Files\Git\cmd;C:\Program Files\dotnet\;C:\ProgramData\chocolatey\bin;C:\xampp\php;C:\composer;C:\Program Files (x86)\Microsoft SQL Server\160\Tools\Binn\;C:\Program Files\Microsoft SQL Server\160\Tools\Binn\;C:\Program Files\Microsoft SQL Server\Client SDK\ODBC\170\Tools\Binn\;C:\Program Files\Microsoft SQL Server\160\DTS\Binn\;C:\Program Files (x86)\Microsoft SQL Server\160\DTS\Binn\;C:\Program Files\Docker\Docker\resources\bin;C:\Program Files\nodejs\;C:\Program Files\MySQL\MySQL Server 8.0\bin;C:\Users\Arthur\AppData\Local\Microsoft\WindowsApps;C:\Users\Arthur\AppData\Local\Programs\Microsoft VS Code\bin;C:\Users\Arthur\AppData\Roaming\Composer\vendor\bin;C:\Users\Arthur\AppData\Local\Microsoft\WinGet\Packages\Schniz.fnm_Microsoft.Winget.Source_8wekyb3d8bbwe;C:\Program Files\Docker\Docker\resources\bin;C:\Users\Arthur\AppData\Roaming\npm
USERNAME=Arthur
OS=Windows_NT
PROCESSOR_IDENTIFIER=Intel64 Family 6 Model 42 Stepping 7, GenuineIntel



---------------  S Y S T E M  ---------------

OS:
 Windows 10 , 64 bit Build 19041 (10.0.19041.4717)
OS uptime: 12 days 20:14 hours
Hyper-V role detected

CPU: total 4 (initial active 4) (2 cores per cpu, 2 threads per core) family 6 model 42 stepping 7 microcode 0x2f, cx8, cmov, fxsr, ht, mmx, sse, sse2, sse3, ssse3, sse4.1, sse4.2, popcnt, tsc, tscinvbit, avx, aes, clmul, vzeroupper, clflush, hv

Memory: 4k page, system-wide physical 16278M (3667M free)
TotalPageFile size 20673M (AvailPageFile size 0M)
current process WorkingSet (physical memory assigned to process): 239M, peak: 239M
current process commit charge ("private bytes"): 382M, peak: 394M

vm_info: Java HotSpot(TM) 64-Bit Server VM (17.0.11+7-LTS-207) for windows-amd64 JRE (17.0.11+7-LTS-207), built on Mar 11 2024 19:01:50 by "mach5one" with MS VC++ 17.6 (VS2022)

END.
